<?xml version="1.0" encoding="UTF-8"?>
<testng-results ignored="0" total="2" passed="2" failed="0" skipped="0">
  <reporter-output>
  </reporter-output>
  <suite started-at="2023-01-05T17:11:03 IST" name="Default suite" finished-at="2023-01-05T17:12:14 IST" duration-ms="70913">
    <groups>
      <group name="cucumber">
        <method signature="AbstractTestNGCucumberTests.runScenario(io.cucumber.testng.PickleWrapper,io.cucumber.testng.FeatureWrapper)[pri:0, instance:cucumberOptions.RunnerClass@41d477ed]" name="runScenario" class="io.cucumber.testng.AbstractTestNGCucumberTests"/>
      </group> <!-- cucumber -->
    </groups>
    <test started-at="2023-01-05T17:11:03 IST" name="Default test" finished-at="2023-01-05T17:12:14 IST" duration-ms="70913">
      <class name="cucumberOptions.RunnerClass">
        <test-method is-config="true" signature="setUpClass(org.testng.ITestContext)[pri:0, instance:cucumberOptions.RunnerClass@41d477ed]" started-at="2023-01-05T17:11:03 IST" name="setUpClass" finished-at="2023-01-05T17:11:04 IST" duration-ms="742" status="PASS">
          <params>
            <param index="0">
              <value>
                <![CDATA[org.testng.TestRunner@340d6d89]]>
              </value>
            </param>
          </params>
          <reporter-output>
          </reporter-output>
        </test-method> <!-- setUpClass -->
        <test-method signature="runScenario(io.cucumber.testng.PickleWrapper,io.cucumber.testng.FeatureWrapper)[pri:0, instance:cucumberOptions.RunnerClass@41d477ed]" started-at="2023-01-05T17:11:04 IST" name="runScenario" description="Runs Cucumber Scenarios" data-provider="scenarios" finished-at="2023-01-05T17:11:33 IST" duration-ms="29537" status="PASS">
          <params>
            <param index="0">
              <value>
                <![CDATA["Buy Samsung galaxy s6 product"]]>
              </value>
            </param>
            <param index="1">
              <value>
                <![CDATA["Buy Functionality"]]>
              </value>
            </param>
          </params>
          <reporter-output>
          </reporter-output>
        </test-method> <!-- runScenario -->
        <test-method signature="runScenario(io.cucumber.testng.PickleWrapper,io.cucumber.testng.FeatureWrapper)[pri:0, instance:cucumberOptions.RunnerClass@41d477ed]" started-at="2023-01-05T17:11:33 IST" name="runScenario" description="Runs Cucumber Scenarios" data-provider="scenarios" finished-at="2023-01-05T17:12:14 IST" duration-ms="40403" status="PASS">
          <params>
            <param index="0">
              <value>
                <![CDATA["Buy Nokia lumia1520 product"]]>
              </value>
            </param>
            <param index="1">
              <value>
                <![CDATA["Buy Functionality"]]>
              </value>
            </param>
          </params>
          <reporter-output>
          </reporter-output>
        </test-method> <!-- runScenario -->
        <test-method is-config="true" signature="tearDownClass()[pri:0, instance:cucumberOptions.RunnerClass@41d477ed]" started-at="2023-01-05T17:12:14 IST" name="tearDownClass" finished-at="2023-01-05T17:12:14 IST" duration-ms="180" status="PASS">
          <reporter-output>
          </reporter-output>
        </test-method> <!-- tearDownClass -->
      </class> <!-- cucumberOptions.RunnerClass -->
    </test> <!-- Default test -->
  </suite> <!-- Default suite -->
</testng-results>
